app/build/intermediates/manifest_merge_blame_file/debug/processDebugMainManifest/manifest-merger-blame-debug-report.txt
1<?xml version="1.0" encoding="utf-8"?>
2<manifest xmlns:android="http://schemas.android.com/apk/res/android"
3    package="lu42s.com.github.to_do_list"
4    android:versionCode="1"
5    android:versionName="1.0" >
6
7    <uses-sdk
7-->INJECTED
8        android:minSdkVersion="24"
8-->INJECTED
9        android:targetSdkVersion="36" />
9-->INJECTED
10
11    <uses-permission android:name="android.permission.REORDER_TASKS" />
11-->[androidx.test:core:1.7.0] AndroidManifest.xml:24:5-72
11-->[androidx.test:core:1.7.0] AndroidManifest.xml:24:22-69
12
13    <permission
13-->[androidx.core:core:1.16.0] AndroidManifest.xml:22:5-24:47
14        android:name="lu42s.com.github.to_do_list.DYNAMIC_RECEIVER_NOT_EXPORTED_PERMISSION"
14-->[androidx.core:core:1.16.0] AndroidManifest.xml:23:9-81
15        android:protectionLevel="signature" />
15-->[androidx.core:core:1.16.0] AndroidManifest.xml:24:9-44
16
17    <uses-permission android:name="lu42s.com.github.to_do_list.DYNAMIC_RECEIVER_NOT_EXPORTED_PERMISSION" />
17-->[androidx.core:core:1.16.0] AndroidManifest.xml:26:5-97
17-->[androidx.core:core:1.16.0] AndroidManifest.xml:26:22-94
18
19    <application
19-->src\main\AndroidManifest.xml:5:5-26:19
20        android:allowBackup="true"
20-->src\main\AndroidManifest.xml:6:9-35
21        android:appComponentFactory="androidx.core.app.CoreComponentFactory"
21-->[androidx.core:core:1.16.0] AndroidManifest.xml:28:18-86
22        android:dataExtractionRules="@xml/data_extraction_rules"
22-->src\main\AndroidManifest.xml:7:9-65
23        android:debuggable="true"
24        android:extractNativeLibs="false"
24-->INJECTED
25        android:fullBackupContent="@xml/backup_rules"
25-->src\main\AndroidManifest.xml:8:9-54
26        android:icon="@mipmap/ic_launcher"
26-->src\main\AndroidManifest.xml:9:9-43
27        android:label="@string/app_name"
27-->src\main\AndroidManifest.xml:10:9-41
28        android:roundIcon="@mipmap/ic_launcher_round"
28-->src\main\AndroidManifest.xml:11:9-54
29        android:supportsRtl="true"
29-->src\main\AndroidManifest.xml:12:9-35
30        android:testOnly="true"
31        android:theme="@style/Theme.Todolist" >
31-->src\main\AndroidManifest.xml:13:9-46
32        <activity
32-->src\main\AndroidManifest.xml:14:9-25:20
33            android:name="lu42s.com.github.to_do_list.MainActivity"
33-->src\main\AndroidManifest.xml:15:13-41
34            android:exported="true"
34-->src\main\AndroidManifest.xml:16:13-36
35            android:label="@string/app_name"
35-->src\main\AndroidManifest.xml:17:13-45
36            android:theme="@style/Theme.Todolist"
36-->src\main\AndroidManifest.xml:18:13-50
37            android:windowSoftInputMode="adjustResize" >
37-->src\main\AndroidManifest.xml:19:13-55
38            <intent-filter>
38-->src\main\AndroidManifest.xml:20:13-24:29
39                <action android:name="android.intent.action.MAIN" />
39-->src\main\AndroidManifest.xml:21:17-69
39-->src\main\AndroidManifest.xml:21:25-66
40
41                <category android:name="android.intent.category.LAUNCHER" />
41-->src\main\AndroidManifest.xml:23:17-77
41-->src\main\AndroidManifest.xml:23:27-74
42            </intent-filter>
43        </activity>
44
45        <service
45-->[androidx.room:room-runtime-android:2.7.1] AndroidManifest.xml:24:9-28:63
46            android:name="androidx.room.MultiInstanceInvalidationService"
46-->[androidx.room:room-runtime-android:2.7.1] AndroidManifest.xml:25:13-74
47            android:directBootAware="true"
47-->[androidx.room:room-runtime-android:2.7.1] AndroidManifest.xml:26:13-43
48            android:exported="false" />
48-->[androidx.room:room-runtime-android:2.7.1] AndroidManifest.xml:27:13-37
49
50        <activity
50-->[androidx.test:core:1.7.0] AndroidManifest.xml:27:9-34:20
51            android:name="androidx.test.core.app.InstrumentationActivityInvoker$BootstrapActivity"
51-->[androidx.test:core:1.7.0] AndroidManifest.xml:28:13-99
52            android:exported="true"
52-->[androidx.test:core:1.7.0] AndroidManifest.xml:29:13-36
53            android:theme="@style/WhiteBackgroundTheme" >
53-->[androidx.test:core:1.7.0] AndroidManifest.xml:30:13-56
54            <intent-filter android:priority="-100" >
54-->[androidx.test:core:1.7.0] AndroidManifest.xml:31:13-33:29
54-->[androidx.test:core:1.7.0] AndroidManifest.xml:31:28-51
55                <category android:name="android.intent.category.LAUNCHER" />
55-->src\main\AndroidManifest.xml:23:17-77
55-->src\main\AndroidManifest.xml:23:27-74
56            </intent-filter>
57        </activity>
58        <activity
58-->[androidx.test:core:1.7.0] AndroidManifest.xml:35:9-42:20
59            android:name="androidx.test.core.app.InstrumentationActivityInvoker$EmptyActivity"
59-->[androidx.test:core:1.7.0] AndroidManifest.xml:36:13-95
60            android:exported="true"
60-->[androidx.test:core:1.7.0] AndroidManifest.xml:37:13-36
61            android:theme="@style/WhiteBackgroundTheme" >
61-->[androidx.test:core:1.7.0] AndroidManifest.xml:38:13-56
62            <intent-filter android:priority="-100" >
62-->[androidx.test:core:1.7.0] AndroidManifest.xml:31:13-33:29
62-->[androidx.test:core:1.7.0] AndroidManifest.xml:31:28-51
63                <category android:name="android.intent.category.LAUNCHER" />
63-->src\main\AndroidManifest.xml:23:17-77
63-->src\main\AndroidManifest.xml:23:27-74
64            </intent-filter>
65        </activity>
66        <activity
66-->[androidx.test:core:1.7.0] AndroidManifest.xml:43:9-50:20
67            android:name="androidx.test.core.app.InstrumentationActivityInvoker$EmptyFloatingActivity"
67-->[androidx.test:core:1.7.0] AndroidManifest.xml:44:13-103
68            android:exported="true"
68-->[androidx.test:core:1.7.0] AndroidManifest.xml:45:13-36
69            android:theme="@style/WhiteBackgroundDialogTheme" >
69-->[androidx.test:core:1.7.0] AndroidManifest.xml:46:13-62
70            <intent-filter android:priority="-100" >
70-->[androidx.test:core:1.7.0] AndroidManifest.xml:31:13-33:29
70-->[androidx.test:core:1.7.0] AndroidManifest.xml:31:28-51
71                <category android:name="android.intent.category.LAUNCHER" />
71-->src\main\AndroidManifest.xml:23:17-77
71-->src\main\AndroidManifest.xml:23:27-74
72            </intent-filter>
73        </activity>
74        <activity
74-->[androidx.compose.ui:ui-tooling-android:1.10.4] AndroidManifest.xml:23:9-25:39
75            android:name="androidx.compose.ui.tooling.PreviewActivity"
75-->[androidx.compose.ui:ui-tooling-android:1.10.4] AndroidManifest.xml:24:13-71
76            android:exported="true" />
76-->[androidx.compose.ui:ui-tooling-android:1.10.4] AndroidManifest.xml:25:13-36
77        <activity
77-->[androidx.compose.ui:ui-test-manifest:1.10.4] AndroidManifest.xml:23:9-26:79
78            android:name="androidx.activity.ComponentActivity"
78-->[androidx.compose.ui:ui-test-manifest:1.10.4] AndroidManifest.xml:24:13-63
79            android:exported="true"
79-->[androidx.compose.ui:ui-test-manifest:1.10.4] AndroidManifest.xml:25:13-36
80            android:theme="@android:style/Theme.Material.Light.NoActionBar" />
80-->[androidx.compose.ui:ui-test-manifest:1.10.4] AndroidManifest.xml:26:13-76
81
82        <provider
82-->[androidx.emoji2:emoji2:1.4.0] AndroidManifest.xml:24:9-32:20
83            android:name="androidx.startup.InitializationProvider"
83-->[androidx.emoji2:emoji2:1.4.0] AndroidManifest.xml:25:13-67
84            android:authorities="lu42s.com.github.to_do_list.androidx-startup"
84-->[androidx.emoji2:emoji2:1.4.0] AndroidManifest.xml:26:13-68
85            android:exported="false" >
85-->[androidx.emoji2:emoji2:1.4.0] AndroidManifest.xml:27:13-37
86            <meta-data
86-->[androidx.emoji2:emoji2:1.4.0] AndroidManifest.xml:29:13-31:52
87                android:name="androidx.emoji2.text.EmojiCompatInitializer"
87-->[androidx.emoji2:emoji2:1.4.0] AndroidManifest.xml:30:17-75
88                android:value="androidx.startup" />
88-->[androidx.emoji2:emoji2:1.4.0] AndroidManifest.xml:31:17-49
89            <meta-data
89-->[androidx.lifecycle:lifecycle-process:2.9.4] AndroidManifest.xml:29:13-31:52
90                android:name="androidx.lifecycle.ProcessLifecycleInitializer"
90-->[androidx.lifecycle:lifecycle-process:2.9.4] AndroidManifest.xml:30:17-78
91                android:value="androidx.startup" />
91-->[androidx.lifecycle:lifecycle-process:2.9.4] AndroidManifest.xml:31:17-49
92            <meta-data
92-->[androidx.profileinstaller:profileinstaller:1.4.0] AndroidManifest.xml:29:13-31:52
93                android:name="androidx.profileinstaller.ProfileInstallerInitializer"
93-->[androidx.profileinstaller:profileinstaller:1.4.0] AndroidManifest.xml:30:17-85
94                android:value="androidx.startup" />
94-->[androidx.profileinstaller:profileinstaller:1.4.0] AndroidManifest.xml:31:17-49
95        </provider>
96
97        <uses-library
97-->[androidx.window:window:1.5.0] AndroidManifest.xml:23:9-25:40
98            android:name="androidx.window.extensions"
98-->[androidx.window:window:1.5.0] AndroidManifest.xml:24:13-54
99            android:required="false" />
99-->[androidx.window:window:1.5.0] AndroidManifest.xml:25:13-37
100        <uses-library
100-->[androidx.window:window:1.5.0] AndroidManifest.xml:26:9-28:40
101            android:name="androidx.window.sidecar"
101-->[androidx.window:window:1.5.0] AndroidManifest.xml:27:13-51
102            android:required="false" />
102-->[androidx.window:window:1.5.0] AndroidManifest.xml:28:13-37
103
104        <receiver
104-->[androidx.profileinstaller:profileinstaller:1.4.0] AndroidManifest.xml:34:9-52:20
105            android:name="androidx.profileinstaller.ProfileInstallReceiver"
105-->[androidx.profileinstaller:profileinstaller:1.4.0] AndroidManifest.xml:35:13-76
106            android:directBootAware="false"
106-->[androidx.profileinstaller:profileinstaller:1.4.0] AndroidManifest.xml:36:13-44
107            android:enabled="true"
107-->[androidx.profileinstaller:profileinstaller:1.4.0] AndroidManifest.xml:37:13-35
108            android:exported="true"
108-->[androidx.profileinstaller:profileinstaller:1.4.0] AndroidManifest.xml:38:13-36
109            android:permission="android.permission.DUMP" >
109-->[androidx.profileinstaller:profileinstaller:1.4.0] AndroidManifest.xml:39:13-57
110            <intent-filter>
110-->[androidx.profileinstaller:profileinstaller:1.4.0] AndroidManifest.xml:40:13-42:29
111                <action android:name="androidx.profileinstaller.action.INSTALL_PROFILE" />
111-->[androidx.profileinstaller:profileinstaller:1.4.0] AndroidManifest.xml:41:17-91
111-->[androidx.profileinstaller:profileinstaller:1.4.0] AndroidManifest.xml:41:25-88
112            </intent-filter>
113            <intent-filter>
113-->[androidx.profileinstaller:profileinstaller:1.4.0] AndroidManifest.xml:43:13-45:29
114                <action android:name="androidx.profileinstaller.action.SKIP_FILE" />
114-->[androidx.profileinstaller:profileinstaller:1.4.0] AndroidManifest.xml:44:17-85
114-->[androidx.profileinstaller:profileinstaller:1.4.0] AndroidManifest.xml:44:25-82
115            </intent-filter>
116            <intent-filter>
116-->[androidx.profileinstaller:profileinstaller:1.4.0] AndroidManifest.xml:46:13-48:29
117                <action android:name="androidx.profileinstaller.action.SAVE_PROFILE" />
117-->[androidx.profileinstaller:profileinstaller:1.4.0] AndroidManifest.xml:47:17-88
117-->[androidx.profileinstaller:profileinstaller:1.4.0] AndroidManifest.xml:47:25-85
118            </intent-filter>
119            <intent-filter>
119-->[androidx.profileinstaller:profileinstaller:1.4.0] AndroidManifest.xml:49:13-51:29
120                <action android:name="androidx.profileinstaller.action.BENCHMARK_OPERATION" />
120-->[androidx.profileinstaller:profileinstaller:1.4.0] AndroidManifest.xml:50:17-95
120-->[androidx.profileinstaller:profileinstaller:1.4.0] AndroidManifest.xml:50:25-92
121            </intent-filter>
122        </receiver>
123    </application>
124
125</manifest>